07/03/2016 14:49:27 (Std) 	+-+-+-+-+-+-+-+-+-+-+-+-+-+-+-+-+-+-+-+-+-+-+-+-+-+-+-+-+-+-+-+-+-+-+-+-+-+-+-+
07/03/2016 14:49:27 (Std) 	+                     Crazy Eddie's GUI System - Event log                    +
07/03/2016 14:49:27 (Std) 	+                          (http://www.cegui.org.uk/)                         +
07/03/2016 14:49:27 (Std) 	+-+-+-+-+-+-+-+-+-+-+-+-+-+-+-+-+-+-+-+-+-+-+-+-+-+-+-+-+-+-+-+-+-+-+-+-+-+-+-+

07/03/2016 14:49:27 (Std) 	CEGUI::Logger singleton created. (0x107ea70)
07/03/2016 14:49:27 (Std) 	
07/03/2016 14:49:27 (Std) 	********************************************************************************
07/03/2016 14:49:27 (Std) 	* Important:                                                                   *
07/03/2016 14:49:27 (Std) 	*     To get support at the CEGUI forums, you must post _at least_ the section *
07/03/2016 14:49:27 (Std) 	*     of this log file indicated below.  Failure to do this will result in no  *
07/03/2016 14:49:27 (Std) 	*     support being given; please do not waste our time.                       *
07/03/2016 14:49:27 (Std) 	********************************************************************************
07/03/2016 14:49:27 (Std) 	********************************************************************************
07/03/2016 14:49:27 (Std) 	* -------- START OF ESSENTIAL SECTION TO BE POSTED ON THE FORUM       -------- *
07/03/2016 14:49:27 (Std) 	********************************************************************************
07/03/2016 14:49:27 (Std) 	---- Version: 0.8.4 (Build: Jan  7 2016 GNU/Linux g++ 4.8.4 64 bit) ----
07/03/2016 14:49:27 (Std) 	---- Renderer module is: CEGUI::OgreRenderer - Official OGRE based 2nd generation renderer module. ----
07/03/2016 14:49:27 (Std) 	---- XML Parser module is: CEGUI::ExpatParser - Official expat based parser module for CEGUI ----
07/03/2016 14:49:27 (Std) 	---- Image Codec module is: OgreImageCodec - Integrated ImageCodec using the Ogre engine. ----
07/03/2016 14:49:27 (Std) 	---- Scripting module is: None ----
07/03/2016 14:49:27 (Std) 	********************************************************************************
07/03/2016 14:49:27 (Std) 	* -------- END OF ESSENTIAL SECTION TO BE POSTED ON THE FORUM         -------- *
07/03/2016 14:49:27 (Std) 	********************************************************************************
07/03/2016 14:49:27 (Std) 	
07/03/2016 14:49:27 (Std) 	---- Begining CEGUI System initialisation ----
07/03/2016 14:49:27 (Std) 	[CEGUI::ImageManager] Singleton created (0x107f950)
07/03/2016 14:49:27 (Std) 	[CEGUI::ImageManager] Registered Image type: BasicImage
07/03/2016 14:49:27 (Std) 	CEGUI::FontManager singleton created. (0x107f9d0)
07/03/2016 14:49:27 (Std) 	CEGUI::WindowFactoryManager singleton created
07/03/2016 14:49:27 (Std) 	CEGUI::WindowManager singleton created (0x107fb00)
07/03/2016 14:49:27 (Std) 	CEGUI::SchemeManager singleton created. (0x10808e0)
07/03/2016 14:49:27 (Std) 	CEGUI::GlobalEventSet singleton created. (0x107e6a0)
07/03/2016 14:49:27 (Std) 	CEGUI::AnimationManager singleton created (0x1080a10)
07/03/2016 14:49:27 (Std) 	CEGUI::WidgetLookManager singleton created. (0x1053000)
07/03/2016 14:49:27 (Std) 	CEGUI::WindowRendererManager singleton created (0x107f780)
07/03/2016 14:49:27 (Std) 	CEGUI::RenderEffectManager singleton created (0x10802a0)
07/03/2016 14:49:27 (Std) 	Created WindowFactory for 'DefaultWindow' windows.
07/03/2016 14:49:27 (Std) 	WindowFactory for 'DefaultWindow' windows added. (0x1085eb0)
07/03/2016 14:49:27 (Std) 	Created WindowFactory for 'DragContainer' windows.
07/03/2016 14:49:27 (Std) 	WindowFactory for 'DragContainer' windows added. (0x1086050)
07/03/2016 14:49:27 (Std) 	Created WindowFactory for 'ScrolledContainer' windows.
07/03/2016 14:49:27 (Std) 	WindowFactory for 'ScrolledContainer' windows added. (0x10861f0)
07/03/2016 14:49:27 (Std) 	Created WindowFactory for 'ClippedContainer' windows.
07/03/2016 14:49:27 (Std) 	WindowFactory for 'ClippedContainer' windows added. (0x1086390)
07/03/2016 14:49:27 (Std) 	Created WindowFactory for 'CEGUI/PushButton' windows.
07/03/2016 14:49:27 (Std) 	WindowFactory for 'CEGUI/PushButton' windows added. (0x1086530)
07/03/2016 14:49:27 (Std) 	Created WindowFactory for 'CEGUI/RadioButton' windows.
07/03/2016 14:49:27 (Std) 	WindowFactory for 'CEGUI/RadioButton' windows added. (0x10866d0)
07/03/2016 14:49:27 (Std) 	Created WindowFactory for 'CEGUI/Combobox' windows.
07/03/2016 14:49:27 (Std) 	WindowFactory for 'CEGUI/Combobox' windows added. (0x1086870)
07/03/2016 14:49:27 (Std) 	Created WindowFactory for 'CEGUI/ComboDropList' windows.
07/03/2016 14:49:27 (Std) 	WindowFactory for 'CEGUI/ComboDropList' windows added. (0x1086a10)
07/03/2016 14:49:27 (Std) 	Created WindowFactory for 'CEGUI/Editbox' windows.
07/03/2016 14:49:27 (Std) 	WindowFactory for 'CEGUI/Editbox' windows added. (0x1086bb0)
07/03/2016 14:49:27 (Std) 	Created WindowFactory for 'CEGUI/FrameWindow' windows.
07/03/2016 14:49:27 (Std) 	WindowFactory for 'CEGUI/FrameWindow' windows added. (0x1086de0)
07/03/2016 14:49:27 (Std) 	Created WindowFactory for 'CEGUI/ItemEntry' windows.
07/03/2016 14:49:27 (Std) 	WindowFactory for 'CEGUI/ItemEntry' windows added. (0x1086f80)
07/03/2016 14:49:27 (Std) 	Created WindowFactory for 'CEGUI/Listbox' windows.
07/03/2016 14:49:27 (Std) 	WindowFactory for 'CEGUI/Listbox' windows added. (0x1087120)
07/03/2016 14:49:27 (Std) 	Created WindowFactory for 'CEGUI/ListHeader' windows.
07/03/2016 14:49:27 (Std) 	WindowFactory for 'CEGUI/ListHeader' windows added. (0x10872c0)
07/03/2016 14:49:27 (Std) 	Created WindowFactory for 'CEGUI/ListHeaderSegment' windows.
07/03/2016 14:49:27 (Std) 	WindowFactory for 'CEGUI/ListHeaderSegment' windows added. (0x1087460)
07/03/2016 14:49:27 (Std) 	Created WindowFactory for 'CEGUI/Menubar' windows.
07/03/2016 14:49:27 (Std) 	WindowFactory for 'CEGUI/Menubar' windows added. (0x1087600)
07/03/2016 14:49:27 (Std) 	Created WindowFactory for 'CEGUI/PopupMenu' windows.
07/03/2016 14:49:27 (Std) 	WindowFactory for 'CEGUI/PopupMenu' windows added. (0x10877a0)
07/03/2016 14:49:27 (Std) 	Created WindowFactory for 'CEGUI/MenuItem' windows.
07/03/2016 14:49:27 (Std) 	WindowFactory for 'CEGUI/MenuItem' windows added. (0x1087940)
07/03/2016 14:49:27 (Std) 	Created WindowFactory for 'CEGUI/MultiColumnList' windows.
07/03/2016 14:49:27 (Std) 	WindowFactory for 'CEGUI/MultiColumnList' windows added. (0x1087bf0)
07/03/2016 14:49:27 (Std) 	Created WindowFactory for 'CEGUI/MultiLineEditbox' windows.
07/03/2016 14:49:27 (Std) 	WindowFactory for 'CEGUI/MultiLineEditbox' windows added. (0x1087d90)
07/03/2016 14:49:27 (Std) 	Created WindowFactory for 'CEGUI/ProgressBar' windows.
07/03/2016 14:49:27 (Std) 	WindowFactory for 'CEGUI/ProgressBar' windows added. (0x1087f30)
07/03/2016 14:49:27 (Std) 	Created WindowFactory for 'CEGUI/ScrollablePane' windows.
07/03/2016 14:49:27 (Std) 	WindowFactory for 'CEGUI/ScrollablePane' windows added. (0x10880d0)
07/03/2016 14:49:27 (Std) 	Created WindowFactory for 'CEGUI/Scrollbar' windows.
07/03/2016 14:49:27 (Std) 	WindowFactory for 'CEGUI/Scrollbar' windows added. (0x1088270)
07/03/2016 14:49:27 (Std) 	Created WindowFactory for 'CEGUI/Slider' windows.
07/03/2016 14:49:27 (Std) 	WindowFactory for 'CEGUI/Slider' windows added. (0x1088410)
07/03/2016 14:49:27 (Std) 	Created WindowFactory for 'CEGUI/Spinner' windows.
07/03/2016 14:49:27 (Std) 	WindowFactory for 'CEGUI/Spinner' windows added. (0x10885b0)
07/03/2016 14:49:27 (Std) 	Created WindowFactory for 'CEGUI/TabButton' windows.
07/03/2016 14:49:27 (Std) 	WindowFactory for 'CEGUI/TabButton' windows added. (0x1088750)
07/03/2016 14:49:27 (Std) 	Created WindowFactory for 'CEGUI/TabControl' windows.
07/03/2016 14:49:27 (Std) 	WindowFactory for 'CEGUI/TabControl' windows added. (0x10888f0)
07/03/2016 14:49:27 (Std) 	Created WindowFactory for 'CEGUI/Thumb' windows.
07/03/2016 14:49:27 (Std) 	WindowFactory for 'CEGUI/Thumb' windows added. (0x1088a90)
07/03/2016 14:49:27 (Std) 	Created WindowFactory for 'CEGUI/Titlebar' windows.
07/03/2016 14:49:27 (Std) 	WindowFactory for 'CEGUI/Titlebar' windows added. (0x1088c30)
07/03/2016 14:49:27 (Std) 	Created WindowFactory for 'CEGUI/ToggleButton' windows.
07/03/2016 14:49:27 (Std) 	WindowFactory for 'CEGUI/ToggleButton' windows added. (0x1088dd0)
07/03/2016 14:49:27 (Std) 	Created WindowFactory for 'CEGUI/Tooltip' windows.
07/03/2016 14:49:27 (Std) 	WindowFactory for 'CEGUI/Tooltip' windows added. (0x1088f70)
07/03/2016 14:49:27 (Std) 	Created WindowFactory for 'CEGUI/ItemListbox' windows.
07/03/2016 14:49:27 (Std) 	WindowFactory for 'CEGUI/ItemListbox' windows added. (0x1089110)
07/03/2016 14:49:27 (Std) 	Created WindowFactory for 'CEGUI/GroupBox' windows.
07/03/2016 14:49:27 (Std) 	WindowFactory for 'CEGUI/GroupBox' windows added. (0x10892b0)
07/03/2016 14:49:27 (Std) 	Created WindowFactory for 'CEGUI/Tree' windows.
07/03/2016 14:49:27 (Std) 	WindowFactory for 'CEGUI/Tree' windows added. (0x1089450)
07/03/2016 14:49:27 (Std) 	Created WindowFactory for 'LayoutCell' windows.
07/03/2016 14:49:27 (Std) 	WindowFactory for 'LayoutCell' windows added. (0x1087ae0)
07/03/2016 14:49:27 (Std) 	Created WindowFactory for 'HorizontalLayoutContainer' windows.
07/03/2016 14:49:27 (Std) 	WindowFactory for 'HorizontalLayoutContainer' windows added. (0x10898e0)
07/03/2016 14:49:27 (Std) 	Created WindowFactory for 'VerticalLayoutContainer' windows.
07/03/2016 14:49:27 (Std) 	WindowFactory for 'VerticalLayoutContainer' windows added. (0x1089a80)
07/03/2016 14:49:27 (Std) 	Created WindowFactory for 'GridLayoutContainer' windows.
07/03/2016 14:49:27 (Std) 	WindowFactory for 'GridLayoutContainer' windows added. (0x1089c20)
07/03/2016 14:49:27 (Std) 	CEGUI::System singleton created. (0x107e820)
07/03/2016 14:49:27 (Std) 	---- CEGUI System initialisation completed ----
07/03/2016 14:49:27 (Std) 	
07/03/2016 14:49:27 (Std) 	Started creation of Scheme from XML specification:
07/03/2016 14:49:27 (Std) 	---- CEGUI GUIScheme name: TaharezLook
07/03/2016 14:49:27 (Std) 	[ImageManager] Started creation of Imageset from XML specification:
07/03/2016 14:49:27 (Std) 	[ImageManager] ---- CEGUI Imageset name: TaharezLook
07/03/2016 14:49:27 (Std) 	[ImageManager] ---- Source texture file: TaharezLook.png
07/03/2016 14:49:27 (Std) 	[ImageManager] ---- Source texture resource group: (Default)
07/03/2016 14:49:27 (Std) 	[OgreRenderer] Created texture: TaharezLook
07/03/2016 14:49:27 (Std) 	[ImageManager] Created image: 'TaharezLook/ClientBrush' (0x109d960) of type: BasicImage
07/03/2016 14:49:27 (Std) 	[ImageManager] Created image: 'TaharezLook/GenericBrush' (0x1089f10) of type: BasicImage
07/03/2016 14:49:27 (Std) 	[ImageManager] Created image: 'TaharezLook/WindowLeftEdge' (0x108a7d0) of type: BasicImage
07/03/2016 14:49:27 (Std) 	[ImageManager] Created image: 'TaharezLook/WindowRightEdge' (0x108a970) of type: BasicImage
07/03/2016 14:49:27 (Std) 	[ImageManager] Created image: 'TaharezLook/WindowTopEdge' (0x109d320) of type: BasicImage
07/03/2016 14:49:27 (Std) 	[ImageManager] Created image: 'TaharezLook/WindowBottomEdge' (0x109d000) of type: BasicImage
07/03/2016 14:49:27 (Std) 	[ImageManager] Created image: 'TaharezLook/WindowTopLeft' (0x108ab80) of type: BasicImage
07/03/2016 14:49:27 (Std) 	[ImageManager] Created image: 'TaharezLook/WindowTopRight' (0x108ad90) of type: BasicImage
07/03/2016 14:49:27 (Std) 	[ImageManager] Created image: 'TaharezLook/WindowBottomLeft' (0x108afa0) of type: BasicImage
07/03/2016 14:49:27 (Std) 	[ImageManager] Created image: 'TaharezLook/WindowBottomRight' (0x108b1b0) of type: BasicImage
07/03/2016 14:49:27 (Std) 	[ImageManager] Created image: 'TaharezLook/ButtonLeftNormal' (0x108b3c0) of type: BasicImage
07/03/2016 14:49:27 (Std) 	[ImageManager] Created image: 'TaharezLook/ButtonMiddleNormal' (0x108b5d0) of type: BasicImage
07/03/2016 14:49:27 (Std) 	[ImageManager] Created image: 'TaharezLook/ButtonRightNormal' (0x108b7e0) of type: BasicImage
07/03/2016 14:49:27 (Std) 	[ImageManager] Created image: 'TaharezLook/ButtonLeftPushed' (0x108b9f0) of type: BasicImage
07/03/2016 14:49:27 (Std) 	[ImageManager] Created image: 'TaharezLook/ButtonMiddlePushed' (0x108bc00) of type: BasicImage
07/03/2016 14:49:27 (Std) 	[ImageManager] Created image: 'TaharezLook/ButtonRightPushed' (0x108be10) of type: BasicImage
07/03/2016 14:49:27 (Std) 	[ImageManager] Created image: 'TaharezLook/ButtonLeftHighlight' (0x108c020) of type: BasicImage
07/03/2016 14:49:27 (Std) 	[ImageManager] Created image: 'TaharezLook/ButtonMiddleHighlight' (0x108c3c0) of type: BasicImage
07/03/2016 14:49:27 (Std) 	[ImageManager] Created image: 'TaharezLook/ButtonRightHighlight' (0x108f800) of type: BasicImage
07/03/2016 14:49:27 (Std) 	[ImageManager] Created image: 'TaharezLook/CheckboxNormal' (0x108c990) of type: BasicImage
07/03/2016 14:49:27 (Std) 	[ImageManager] Created image: 'TaharezLook/CheckboxHover' (0x108cba0) of type: BasicImage
07/03/2016 14:49:27 (Std) 	[ImageManager] Created image: 'TaharezLook/CheckboxMark' (0x108cdb0) of type: BasicImage
07/03/2016 14:49:27 (Std) 	[ImageManager] Created image: 'TaharezLook/RadioButtonNormal' (0x108cfc0) of type: BasicImage
07/03/2016 14:49:27 (Std) 	[ImageManager] Created image: 'TaharezLook/RadioButtonHover' (0x108f350) of type: BasicImage
07/03/2016 14:49:27 (Std) 	[ImageManager] Created image: 'TaharezLook/RadioButtonMark' (0x108a640) of type: BasicImage
07/03/2016 14:49:27 (Std) 	[ImageManager] Created image: 'TaharezLook/TitlebarLeft' (0x1090cc0) of type: BasicImage
07/03/2016 14:49:27 (Std) 	[ImageManager] Created image: 'TaharezLook/TitlebarMiddle' (0x1090ed0) of type: BasicImage
07/03/2016 14:49:27 (Std) 	[ImageManager] Created image: 'TaharezLook/TitlebarRight' (0x10910e0) of type: BasicImage
07/03/2016 14:49:27 (Std) 	[ImageManager] Created image: 'TaharezLook/NewTitlebarLeft' (0x10912f0) of type: BasicImage
07/03/2016 14:49:27 (Std) 	[ImageManager] Created image: 'TaharezLook/NewTitlebarMiddle' (0x1091500) of type: BasicImage
07/03/2016 14:49:27 (Std) 	[ImageManager] Created image: 'TaharezLook/NewTitlebarRight' (0x1091710) of type: BasicImage
07/03/2016 14:49:27 (Std) 	[ImageManager] Created image: 'TaharezLook/SysAreaMiddle' (0x1091920) of type: BasicImage
07/03/2016 14:49:27 (Std) 	[ImageManager] Created image: 'TaharezLook/SysAreaRight' (0x1091b30) of type: BasicImage
07/03/2016 14:49:27 (Std) 	[ImageManager] Created image: 'TaharezLook/StaticLeft' (0x1091d40) of type: BasicImage
07/03/2016 14:49:27 (Std) 	[ImageManager] Created image: 'TaharezLook/StaticRight' (0x1091f50) of type: BasicImage
07/03/2016 14:49:27 (Std) 	[ImageManager] Created image: 'TaharezLook/StaticTop' (0x1092160) of type: BasicImage
07/03/2016 14:49:27 (Std) 	[ImageManager] Created image: 'TaharezLook/StaticBottom' (0x1092370) of type: BasicImage
07/03/2016 14:49:27 (Std) 	[ImageManager] Created image: 'TaharezLook/StaticTopLeft' (0x1092580) of type: BasicImage
07/03/2016 14:49:27 (Std) 	[ImageManager] Created image: 'TaharezLook/StaticTopRight' (0x1092790) of type: BasicImage
07/03/2016 14:49:27 (Std) 	[ImageManager] Created image: 'TaharezLook/StaticBottomLeft' (0x10929a0) of type: BasicImage
07/03/2016 14:49:27 (Std) 	[ImageManager] Created image: 'TaharezLook/StaticBottomRight' (0x1092bb0) of type: BasicImage
07/03/2016 14:49:27 (Std) 	[ImageManager] Created image: 'TaharezLook/StaticBackdrop' (0x1092dc0) of type: BasicImage
07/03/2016 14:49:27 (Std) 	[ImageManager] Created image: 'TaharezLook/ProgressBarLeft' (0x1092fd0) of type: BasicImage
07/03/2016 14:49:27 (Std) 	[ImageManager] Created image: 'TaharezLook/ProgressBarMiddle' (0x10931e0) of type: BasicImage
07/03/2016 14:49:27 (Std) 	[ImageManager] Created image: 'TaharezLook/ProgressBarRight' (0x10933f0) of type: BasicImage
07/03/2016 14:49:27 (Std) 	[ImageManager] Created image: 'TaharezLook/ProgressBarDimSegment' (0x1093600) of type: BasicImage
07/03/2016 14:49:27 (Std) 	[ImageManager] Created image: 'TaharezLook/ProgressBarLitSegment' (0x10939c0) of type: BasicImage
07/03/2016 14:49:27 (Std) 	[ImageManager] Created image: 'TaharezLook/EditBoxLeft' (0x1093cf0) of type: BasicImage
07/03/2016 14:49:27 (Std) 	[ImageManager] Created image: 'TaharezLook/EditBoxMiddle' (0x1093f00) of type: BasicImage
07/03/2016 14:49:27 (Std) 	[ImageManager] Created image: 'TaharezLook/EditBoxRight' (0x1094110) of type: BasicImage
07/03/2016 14:49:27 (Std) 	[ImageManager] Created image: 'TaharezLook/EditBoxCaret' (0x1094320) of type: BasicImage
07/03/2016 14:49:27 (Std) 	[ImageManager] Created image: 'TaharezLook/SpinnerUpNormal' (0x1094530) of type: BasicImage
07/03/2016 14:49:27 (Std) 	[ImageManager] Created image: 'TaharezLook/SpinnerDownNormal' (0x1094740) of type: BasicImage
07/03/2016 14:49:27 (Std) 	[ImageManager] Created image: 'TaharezLook/SpinnerUpHover' (0x1094950) of type: BasicImage
07/03/2016 14:49:27 (Std) 	[ImageManager] Created image: 'TaharezLook/SpinnerDownHover' (0x1094b60) of type: BasicImage
07/03/2016 14:49:27 (Std) 	[ImageManager] Created image: 'TaharezLook/TextSelectionBrush' (0x1094d70) of type: BasicImage
07/03/2016 14:49:27 (Std) 	[ImageManager] Created image: 'TaharezLook/VertScrollTop' (0x1094f80) of type: BasicImage
07/03/2016 14:49:27 (Std) 	[ImageManager] Created image: 'TaharezLook/VertScrollMiddle' (0x1095190) of type: BasicImage
07/03/2016 14:49:27 (Std) 	[ImageManager] Created image: 'TaharezLook/VertScrollBottom' (0x10953a0) of type: BasicImage
07/03/2016 14:49:27 (Std) 	[ImageManager] Created image: 'TaharezLook/VertScrollBarSegment' (0x10955b0) of type: BasicImage
07/03/2016 14:49:27 (Std) 	[ImageManager] Created image: 'TaharezLook/VertScrollThumbNormal' (0x10958e0) of type: BasicImage
07/03/2016 14:49:27 (Std) 	[ImageManager] Created image: 'TaharezLook/VertScrollThumbHover' (0x1095c10) of type: BasicImage
07/03/2016 14:49:27 (Std) 	[ImageManager] Created image: 'TaharezLook/VertScrollUpNormal' (0x1095f40) of type: BasicImage
07/03/2016 14:49:27 (Std) 	[ImageManager] Created image: 'TaharezLook/VertScrollDownNormal' (0x1096150) of type: BasicImage
07/03/2016 14:49:27 (Std) 	[ImageManager] Created image: 'TaharezLook/VertScrollUpHover' (0x1096480) of type: BasicImage
07/03/2016 14:49:27 (Std) 	[ImageManager] Created image: 'TaharezLook/VertScrollDownHover' (0x1096690) of type: BasicImage
07/03/2016 14:49:27 (Std) 	[ImageManager] Created image: 'TaharezLook/MiniVertScrollBarSegment' (0x108d360) of type: BasicImage
07/03/2016 14:49:27 (Std) 	[ImageManager] Created image: 'TaharezLook/MiniVertScrollThumbNormal' (0x10b3960) of type: BasicImage
07/03/2016 14:49:27 (Std) 	[ImageManager] Created image: 'TaharezLook/MiniVertScrollThumbTopNormal' (0x10b3c60) of type: BasicImage
07/03/2016 14:49:27 (Std) 	[ImageManager] Created image: 'TaharezLook/MiniVertScrollThumbMiddleNormal' (0x10b4080) of type: BasicImage
07/03/2016 14:49:27 (Std) 	[ImageManager] Created image: 'TaharezLook/MiniVertScrollThumbBottomNormal' (0x10b44d0) of type: BasicImage
07/03/2016 14:49:27 (Std) 	[ImageManager] Created image: 'TaharezLook/MiniVertScrollThumbTopHover' (0x10b4920) of type: BasicImage
07/03/2016 14:49:27 (Std) 	[ImageManager] Created image: 'TaharezLook/MiniVertScrollThumbMiddleHover' (0x109ce70) of type: BasicImage
07/03/2016 14:49:27 (Std) 	[ImageManager] Created image: 'TaharezLook/MiniVertScrollThumbBottomHover' (0x10b4fb0) of type: BasicImage
07/03/2016 14:49:27 (Std) 	[ImageManager] Created image: 'TaharezLook/MiniVertScrollThumbHover' (0x10b5340) of type: BasicImage
07/03/2016 14:49:27 (Std) 	[ImageManager] Created image: 'TaharezLook/MiniVertScrollUpNormal' (0x10b5730) of type: BasicImage
07/03/2016 14:49:27 (Std) 	[ImageManager] Created image: 'TaharezLook/MiniVertScrollDownNormal' (0x10b5a80) of type: BasicImage
07/03/2016 14:49:27 (Std) 	[ImageManager] Created image: 'TaharezLook/MiniVertScrollUpHover' (0x10b5dd0) of type: BasicImage
07/03/2016 14:49:27 (Std) 	[ImageManager] Created image: 'TaharezLook/MiniVertScrollDownHover' (0x10b6100) of type: BasicImage
07/03/2016 14:49:27 (Std) 	[ImageManager] Created image: 'TaharezLook/VertSliderBody' (0x10b6450) of type: BasicImage
07/03/2016 14:49:27 (Std) 	[ImageManager] Created image: 'TaharezLook/VertSliderThumbNormal' (0x10b6660) of type: BasicImage
07/03/2016 14:49:27 (Std) 	[ImageManager] Created image: 'TaharezLook/VertSliderThumbHover' (0x10b6990) of type: BasicImage
07/03/2016 14:49:27 (Std) 	[ImageManager] Created image: 'TaharezLook/MiniHorzScrollBarSegment' (0x10b6cc0) of type: BasicImage
07/03/2016 14:49:27 (Std) 	[ImageManager] Created image: 'TaharezLook/MiniHorzScrollThumbNormal' (0x10b7010) of type: BasicImage
07/03/2016 14:49:27 (Std) 	[ImageManager] Created image: 'TaharezLook/MiniHorzScrollThumbLeftNormal' (0x10b7360) of type: BasicImage
07/03/2016 14:49:27 (Std) 	[ImageManager] Created image: 'TaharezLook/MiniHorzScrollThumbMiddleNormal' (0x10b7780) of type: BasicImage
07/03/2016 14:49:27 (Std) 	[ImageManager] Created image: 'TaharezLook/MiniHorzScrollThumbRightNormal' (0x10b7b10) of type: BasicImage
07/03/2016 14:49:27 (Std) 	[ImageManager] Created image: 'TaharezLook/MiniHorzScrollThumbHover' (0x10b7ea0) of type: BasicImage
07/03/2016 14:49:27 (Std) 	[ImageManager] Created image: 'TaharezLook/MiniHorzScrollThumbLeftHover' (0x10b81f0) of type: BasicImage
07/03/2016 14:49:27 (Std) 	[ImageManager] Created image: 'TaharezLook/MiniHorzScrollThumbMiddleHover' (0x10b8560) of type: BasicImage
07/03/2016 14:49:27 (Std) 	[ImageManager] Created image: 'TaharezLook/MiniHorzScrollThumbRightHover' (0x10b88f0) of type: BasicImage
07/03/2016 14:49:27 (Std) 	[ImageManager] Created image: 'TaharezLook/MiniHorzScrollLeftNormal' (0x10b8c60) of type: BasicImage
07/03/2016 14:49:27 (Std) 	[ImageManager] Created image: 'TaharezLook/MiniHorzScrollRightNormal' (0x10b8fb0) of type: BasicImage
07/03/2016 14:49:27 (Std) 	[ImageManager] Created image: 'TaharezLook/MiniHorzScrollLeftHover' (0x10b9300) of type: BasicImage
07/03/2016 14:49:27 (Std) 	[ImageManager] Created image: 'TaharezLook/MiniHorzScrollRightHover' (0x10b9650) of type: BasicImage
07/03/2016 14:49:27 (Std) 	[ImageManager] Created image: 'TaharezLook/ListboxLeft' (0x10b99a0) of type: BasicImage
07/03/2016 14:49:27 (Std) 	[ImageManager] Created image: 'TaharezLook/ListboxRight' (0x10b9bb0) of type: BasicImage
07/03/2016 14:49:27 (Std) 	[ImageManager] Created image: 'TaharezLook/ListboxTop' (0x10b9dc0) of type: BasicImage
07/03/2016 14:49:27 (Std) 	[ImageManager] Created image: 'TaharezLook/ListboxBottom' (0x10b9fd0) of type: BasicImage
07/03/2016 14:49:27 (Std) 	[ImageManager] Created image: 'TaharezLook/ListboxTopLeft' (0x10ba1e0) of type: BasicImage
07/03/2016 14:49:27 (Std) 	[ImageManager] Created image: 'TaharezLook/ListboxTopRight' (0x10ba3f0) of type: BasicImage
07/03/2016 14:49:27 (Std) 	[ImageManager] Created image: 'TaharezLook/ListboxBottomLeft' (0x10ba600) of type: BasicImage
07/03/2016 14:49:27 (Std) 	[ImageManager] Created image: 'TaharezLook/ListboxBottomRight' (0x10ba810) of type: BasicImage
07/03/2016 14:49:27 (Std) 	[ImageManager] Created image: 'TaharezLook/ListboxBackdrop' (0x10baa20) of type: BasicImage
07/03/2016 14:49:27 (Std) 	[ImageManager] Created image: 'TaharezLook/ListboxSelectionBrush' (0x10bac30) of type: BasicImage
07/03/2016 14:49:27 (Std) 	[ImageManager] Created image: 'TaharezLook/ComboboxEditLeft' (0x10baf60) of type: BasicImage
07/03/2016 14:49:27 (Std) 	[ImageManager] Created image: 'TaharezLook/ComboboxEditMiddle' (0x10bb170) of type: BasicImage
07/03/2016 14:49:27 (Std) 	[ImageManager] Created image: 'TaharezLook/ComboboxListButtonNormal' (0x10bb380) of type: BasicImage
07/03/2016 14:49:27 (Std) 	[ImageManager] Created image: 'TaharezLook/ComboboxListButtonHover' (0x10bb6d0) of type: BasicImage
07/03/2016 14:49:27 (Std) 	[ImageManager] Created image: 'TaharezLook/ComboboxListLeft' (0x10bba20) of type: BasicImage
07/03/2016 14:49:27 (Std) 	[ImageManager] Created image: 'TaharezLook/ComboboxListRight' (0x10bbc30) of type: BasicImage
07/03/2016 14:49:27 (Std) 	[ImageManager] Created image: 'TaharezLook/ComboboxListTop' (0x10bbe40) of type: BasicImage
07/03/2016 14:49:27 (Std) 	[ImageManager] Created image: 'TaharezLook/ComboboxListBottom' (0x10bc050) of type: BasicImage
07/03/2016 14:49:27 (Std) 	[ImageManager] Created image: 'TaharezLook/ComboboxListTopLeft' (0x10bc260) of type: BasicImage
07/03/2016 14:49:27 (Std) 	[ImageManager] Created image: 'TaharezLook/ComboboxListTopRight' (0x10bc470) of type: BasicImage
07/03/2016 14:49:27 (Std) 	[ImageManager] Created image: 'TaharezLook/ComboboxListBottomLeft' (0x10bc7a0) of type: BasicImage
07/03/2016 14:49:27 (Std) 	[ImageManager] Created image: 'TaharezLook/ComboboxListBottomRight' (0x10bcaf0) of type: BasicImage
07/03/2016 14:49:27 (Std) 	[ImageManager] Created image: 'TaharezLook/ComboboxListBackdrop' (0x10bce40) of type: BasicImage
07/03/2016 14:49:27 (Std) 	[ImageManager] Created image: 'TaharezLook/ComboboxSelectionBrush' (0x10bd170) of type: BasicImage
07/03/2016 14:49:27 (Std) 	[ImageManager] Created image: 'TaharezLook/ComboboxDividerLeft' (0x10bd4c0) of type: BasicImage
07/03/2016 14:49:27 (Std) 	[ImageManager] Created image: 'TaharezLook/ComboboxDividerMiddle' (0x10bd6d0) of type: BasicImage
07/03/2016 14:49:27 (Std) 	[ImageManager] Created image: 'TaharezLook/ComboboxDividerRight' (0x10bda00) of type: BasicImage
07/03/2016 14:49:27 (Std) 	[ImageManager] Created image: 'TaharezLook/HeaderBarBackdropNormal' (0x10bdd30) of type: BasicImage
07/03/2016 14:49:27 (Std) 	[ImageManager] Created image: 'TaharezLook/HeaderBarBackdropHover' (0x10be080) of type: BasicImage
07/03/2016 14:49:27 (Std) 	[ImageManager] Created image: 'TaharezLook/HeaderBarSplitterNormal' (0x10be3d0) of type: BasicImage
07/03/2016 14:49:27 (Std) 	[ImageManager] Created image: 'TaharezLook/HeaderBarSplitterHover' (0x10be720) of type: BasicImage
07/03/2016 14:49:27 (Std) 	[ImageManager] Created image: 'TaharezLook/HeaderBarSortUp' (0x10bea70) of type: BasicImage
07/03/2016 14:49:27 (Std) 	[ImageManager] Created image: 'TaharezLook/HeaderBarSortDown' (0x10bec80) of type: BasicImage
07/03/2016 14:49:27 (Std) 	[ImageManager] Created image: 'TaharezLook/MultiListLeft' (0x10bee90) of type: BasicImage
07/03/2016 14:49:27 (Std) 	[ImageManager] Created image: 'TaharezLook/MultiListRight' (0x10bf0a0) of type: BasicImage
07/03/2016 14:49:27 (Std) 	[ImageManager] Created image: 'TaharezLook/MultiListTop' (0x10bf2b0) of type: BasicImage
07/03/2016 14:49:27 (Std) 	[ImageManager] Created image: 'TaharezLook/MultiListBottom' (0x10bf4c0) of type: BasicImage
07/03/2016 14:49:27 (Std) 	[ImageManager] Created image: 'TaharezLook/MultiListTopLeft' (0x10bf6d0) of type: BasicImage
07/03/2016 14:49:27 (Std) 	[ImageManager] Created image: 'TaharezLook/MultiListTopRight' (0x10bf8e0) of type: BasicImage
07/03/2016 14:49:27 (Std) 	[ImageManager] Created image: 'TaharezLook/MultiListBottomLeft' (0x10bfaf0) of type: BasicImage
07/03/2016 14:49:27 (Std) 	[ImageManager] Created image: 'TaharezLook/MultiListBottomRight' (0x10bfd00) of type: BasicImage
07/03/2016 14:49:27 (Std) 	[ImageManager] Created image: 'TaharezLook/MultiListBackdrop' (0x10c0030) of type: BasicImage
07/03/2016 14:49:27 (Std) 	[ImageManager] Created image: 'TaharezLook/MultiListSelectionBrush' (0x10c0240) of type: BasicImage
07/03/2016 14:49:27 (Std) 	[ImageManager] Created image: 'TaharezLook/AltProgressLeft' (0x10c0590) of type: BasicImage
07/03/2016 14:49:27 (Std) 	[ImageManager] Created image: 'TaharezLook/AltProgressMiddle' (0x10c07a0) of type: BasicImage
07/03/2016 14:49:27 (Std) 	[ImageManager] Created image: 'TaharezLook/AltProgressRight' (0x10c09b0) of type: BasicImage
07/03/2016 14:49:27 (Std) 	[ImageManager] Created image: 'TaharezLook/AltProgressQuarter' (0x108a2b0) of type: BasicImage
07/03/2016 14:49:27 (Std) 	[ImageManager] Created image: 'TaharezLook/AltProgressHalf' (0x108a4c0) of type: BasicImage
07/03/2016 14:49:27 (Std) 	[ImageManager] Created image: 'TaharezLook/AltProgressLight1' (0x1141050) of type: BasicImage
07/03/2016 14:49:27 (Std) 	[ImageManager] Created image: 'TaharezLook/AltProgressLight2' (0x1141260) of type: BasicImage
07/03/2016 14:49:27 (Std) 	[ImageManager] Created image: 'TaharezLook/AltProgressLight3' (0x1141470) of type: BasicImage
07/03/2016 14:49:27 (Std) 	[ImageManager] Created image: 'TaharezLook/AltProgressLight4' (0x1141680) of type: BasicImage
07/03/2016 14:49:27 (Std) 	[ImageManager] Created image: 'TaharezLook/AltProgressLight5' (0x1141890) of type: BasicImage
07/03/2016 14:49:27 (Std) 	[ImageManager] Created image: 'TaharezLook/AltProgressLight6' (0x1141aa0) of type: BasicImage
07/03/2016 14:49:27 (Std) 	[ImageManager] Created image: 'TaharezLook/AltProgressLight7' (0x1141cb0) of type: BasicImage
07/03/2016 14:49:27 (Std) 	[ImageManager] Created image: 'TaharezLook/AltProgressLight8' (0x1141ec0) of type: BasicImage
07/03/2016 14:49:27 (Std) 	[ImageManager] Created image: 'TaharezLook/AltProgressLight9' (0x11420d0) of type: BasicImage
07/03/2016 14:49:27 (Std) 	[ImageManager] Created image: 'TaharezLook/AltProgressLight10' (0x11422e0) of type: BasicImage
07/03/2016 14:49:27 (Std) 	[ImageManager] Created image: 'TaharezLook/CloseButtonNormal' (0x11424f0) of type: BasicImage
07/03/2016 14:49:27 (Std) 	[ImageManager] Created image: 'TaharezLook/CloseButtonHover' (0x1142700) of type: BasicImage
07/03/2016 14:49:27 (Std) 	[ImageManager] Created image: 'TaharezLook/CloseButtonPressed' (0x1142910) of type: BasicImage
07/03/2016 14:49:27 (Std) 	[ImageManager] Created image: 'TaharezLook/NewCloseButtonNormal' (0x1142b20) of type: BasicImage
07/03/2016 14:49:27 (Std) 	[ImageManager] Created image: 'TaharezLook/NewCloseButtonHover' (0x1142d30) of type: BasicImage
07/03/2016 14:49:27 (Std) 	[ImageManager] Created image: 'TaharezLook/NewCloseButtonPressed' (0x1142f40) of type: BasicImage
07/03/2016 14:49:27 (Std) 	[ImageManager] Created image: 'TaharezLook/MultiLineEditboxLeft' (0x1143150) of type: BasicImage
07/03/2016 14:49:27 (Std) 	[ImageManager] Created image: 'TaharezLook/MultiLineEditboxRight' (0x1143360) of type: BasicImage
07/03/2016 14:49:27 (Std) 	[ImageManager] Created image: 'TaharezLook/MultiLineEditboxTop' (0x1143570) of type: BasicImage
07/03/2016 14:49:27 (Std) 	[ImageManager] Created image: 'TaharezLook/MultiLineEditboxBottom' (0x1143780) of type: BasicImage
07/03/2016 14:49:27 (Std) 	[ImageManager] Created image: 'TaharezLook/MultiLineEditboxTopLeft' (0x1143b70) of type: BasicImage
07/03/2016 14:49:27 (Std) 	[ImageManager] Created image: 'TaharezLook/MultiLineEditboxTopRight' (0x1143ec0) of type: BasicImage
07/03/2016 14:49:27 (Std) 	[ImageManager] Created image: 'TaharezLook/MultiLineEditboxBottomLeft' (0x10c0e00) of type: BasicImage
07/03/2016 14:49:27 (Std) 	[ImageManager] Created image: 'TaharezLook/MultiLineEditboxBottomRight' (0x1144780) of type: BasicImage
07/03/2016 14:49:27 (Std) 	[ImageManager] Created image: 'TaharezLook/MultiLineEditboxBackdrop' (0x1144af0) of type: BasicImage
07/03/2016 14:49:27 (Std) 	[ImageManager] Created image: 'TaharezLook/MultiLineEditboxSelectionBrush' (0x10c0c80) of type: BasicImage
07/03/2016 14:49:27 (Std) 	[ImageManager] Created image: 'TaharezLook/MouseTarget' (0x11458d0) of type: BasicImage
07/03/2016 14:49:27 (Std) 	[ImageManager] Created image: 'TaharezLook/MouseArrow' (0x1145290) of type: BasicImage
07/03/2016 14:49:27 (Std) 	[ImageManager] Created image: 'TaharezLook/MouseMoveCursor' (0x1145e00) of type: BasicImage
07/03/2016 14:49:27 (Std) 	[ImageManager] Created image: 'TaharezLook/MouseNoSoCursor' (0x1145f20) of type: BasicImage
07/03/2016 14:49:27 (Std) 	[ImageManager] Created image: 'TaharezLook/MouseEsWeCursor' (0x1146130) of type: BasicImage
07/03/2016 14:49:27 (Std) 	[ImageManager] Created image: 'TaharezLook/MouseNeSwCursor' (0x1146340) of type: BasicImage
07/03/2016 14:49:27 (Std) 	[ImageManager] Created image: 'TaharezLook/MouseNwSeCursor' (0x1146550) of type: BasicImage
07/03/2016 14:49:27 (Std) 	[ImageManager] Created image: 'TaharezLook/MouseTextBar' (0x1146760) of type: BasicImage
07/03/2016 14:49:27 (Std) 	[ImageManager] Created image: 'TaharezLook/TabHorizontalFiller' (0x109cad0) of type: BasicImage
07/03/2016 14:49:27 (Std) 	[ImageManager] Created image: 'TaharezLook/TabContentPaneUpperLeft' (0x1145630) of type: BasicImage
07/03/2016 14:49:27 (Std) 	[ImageManager] Created image: 'TaharezLook/TabContentPaneUpper' (0x11443a0) of type: BasicImage
07/03/2016 14:49:27 (Std) 	[ImageManager] Created image: 'TaharezLook/TabContentPaneUpperRight' (0x1146a60) of type: BasicImage
07/03/2016 14:49:27 (Std) 	[ImageManager] Created image: 'TaharezLook/TabContentPaneLeft' (0x1146c70) of type: BasicImage
07/03/2016 14:49:27 (Std) 	[ImageManager] Created image: 'TaharezLook/TabContentPaneRight' (0x1146e80) of type: BasicImage
07/03/2016 14:49:27 (Std) 	[ImageManager] Created image: 'TaharezLook/TabContentPaneLower' (0x1147090) of type: BasicImage
07/03/2016 14:49:27 (Std) 	[ImageManager] Created image: 'TaharezLook/TabContentPaneLowerLeft' (0x11472a0) of type: BasicImage
07/03/2016 14:49:27 (Std) 	[ImageManager] Created image: 'TaharezLook/TabContentPaneLowerRight' (0x11475f0) of type: BasicImage
07/03/2016 14:49:27 (Std) 	[ImageManager] Created image: 'TaharezLook/TabContentPaneMiddle' (0x1147940) of type: BasicImage
07/03/2016 14:49:27 (Std) 	[ImageManager] Created image: 'TaharezLook/TabButtonScrollLeftNormal' (0x1147ce0) of type: BasicImage
07/03/2016 14:49:27 (Std) 	[ImageManager] Created image: 'TaharezLook/TabButtonScrollRightNormal' (0x11481c0) of type: BasicImage
07/03/2016 14:49:27 (Std) 	[ImageManager] Created image: 'TaharezLook/TabButtonScrollLeftHover' (0x1145c70) of type: BasicImage
07/03/2016 14:49:27 (Std) 	[ImageManager] Created image: 'TaharezLook/TabButtonScrollRightHover' (0x1148770) of type: BasicImage
07/03/2016 14:49:27 (Std) 	[ImageManager] Created image: 'TaharezLook/TabButtonLeftNormal' (0x1148ac0) of type: BasicImage
07/03/2016 14:49:27 (Std) 	[ImageManager] Created image: 'TaharezLook/TabButtonRightNormal' (0x1148cd0) of type: BasicImage
07/03/2016 14:49:27 (Std) 	[ImageManager] Created image: 'TaharezLook/TabButtonUpperNormal' (0x1148ee0) of type: BasicImage
07/03/2016 14:49:27 (Std) 	[ImageManager] Created image: 'TaharezLook/TabButtonLowerNormal' (0x1149210) of type: BasicImage
07/03/2016 14:49:27 (Std) 	[ImageManager] Created image: 'TaharezLook/TabButtonUpperLeftNormal' (0x11496d0) of type: BasicImage
07/03/2016 14:49:27 (Std) 	[ImageManager] Created image: 'TaharezLook/TabButtonUpperLeft2Normal' (0x1149ac0) of type: BasicImage
07/03/2016 14:49:27 (Std) 	[ImageManager] Created image: 'TaharezLook/TabButtonUpperRightNormal' (0x1149e10) of type: BasicImage
07/03/2016 14:49:27 (Std) 	[ImageManager] Created image: 'TaharezLook/TabButtonLowerLeftNormal' (0x114a160) of type: BasicImage
07/03/2016 14:49:27 (Std) 	[ImageManager] Created image: 'TaharezLook/TabButtonLowerRightNormal' (0x114a4b0) of type: BasicImage
07/03/2016 14:49:27 (Std) 	[ImageManager] Created image: 'TaharezLook/TabButtonLowerRight2Normal' (0x114a990) of type: BasicImage
07/03/2016 14:49:27 (Std) 	[ImageManager] Created image: 'TaharezLook/TabButtonMiddleNormal' (0x108f1c0) of type: BasicImage
07/03/2016 14:49:27 (Std) 	[ImageManager] Created image: 'TaharezLook/TabButtonLeftSelected' (0x114aea0) of type: BasicImage
07/03/2016 14:49:27 (Std) 	[ImageManager] Created image: 'TaharezLook/TabButtonRightSelected' (0x114b240) of type: BasicImage
07/03/2016 14:49:27 (Std) 	[ImageManager] Created image: 'TaharezLook/TabButtonUpperSelected' (0x114b590) of type: BasicImage
07/03/2016 14:49:27 (Std) 	[ImageManager] Created image: 'TaharezLook/TabButtonLowerSelected' (0x114b8e0) of type: BasicImage
07/03/2016 14:49:27 (Std) 	[ImageManager] Created image: 'TaharezLook/TabButtonUpperLeftSelected' (0x114bdc0) of type: BasicImage
07/03/2016 14:49:27 (Std) 	[ImageManager] Created image: 'TaharezLook/TabButtonUpperRightSelected' (0x114c1e0) of type: BasicImage
07/03/2016 14:49:27 (Std) 	[ImageManager] Created image: 'TaharezLook/TabButtonLowerLeftSelected' (0x114c550) of type: BasicImage
07/03/2016 14:49:27 (Std) 	[ImageManager] Created image: 'TaharezLook/TabButtonLowerRightSelected' (0x114c8c0) of type: BasicImage
07/03/2016 14:49:27 (Std) 	[ImageManager] Created image: 'TaharezLook/TabButtonMiddleSelected' (0x114cc30) of type: BasicImage
07/03/2016 14:49:27 (Std) 	[ImageManager] Created image: 'TaharezLook/TooltipTopLeft' (0x114ce40) of type: BasicImage
07/03/2016 14:49:27 (Std) 	[ImageManager] Created image: 'TaharezLook/TooltipTopRight' (0x114d050) of type: BasicImage
07/03/2016 14:49:27 (Std) 	[ImageManager] Created image: 'TaharezLook/TooltipBottomLeft' (0x114d260) of type: BasicImage
07/03/2016 14:49:27 (Std) 	[ImageManager] Created image: 'TaharezLook/TooltipBottomRight' (0x114d470) of type: BasicImage
07/03/2016 14:49:27 (Std) 	[ImageManager] Created image: 'TaharezLook/TooltipLeftEdge' (0x114d680) of type: BasicImage
07/03/2016 14:49:27 (Std) 	[ImageManager] Created image: 'TaharezLook/TooltipRightEdge' (0x114d890) of type: BasicImage
07/03/2016 14:49:27 (Std) 	[ImageManager] Created image: 'TaharezLook/TooltipTopEdge' (0x114daa0) of type: BasicImage
07/03/2016 14:49:27 (Std) 	[ImageManager] Created image: 'TaharezLook/TooltipBottomEdge' (0x114dcb0) of type: BasicImage
07/03/2016 14:49:27 (Std) 	[ImageManager] Created image: 'TaharezLook/TooltipMiddle' (0x114dec0) of type: BasicImage
07/03/2016 14:49:27 (Std) 	[ImageManager] Created image: 'TaharezLook/MenuTopLeft' (0x114e0d0) of type: BasicImage
07/03/2016 14:49:27 (Std) 	[ImageManager] Created image: 'TaharezLook/MenuTopRight' (0x114e2e0) of type: BasicImage
07/03/2016 14:49:27 (Std) 	[ImageManager] Created image: 'TaharezLook/MenuBottomLeft' (0x114e4f0) of type: BasicImage
07/03/2016 14:49:27 (Std) 	[ImageManager] Created image: 'TaharezLook/MenuBottomRight' (0x114e700) of type: BasicImage
07/03/2016 14:49:27 (Std) 	[ImageManager] Created image: 'TaharezLook/MenuLeft' (0x114e910) of type: BasicImage
07/03/2016 14:49:27 (Std) 	[ImageManager] Created image: 'TaharezLook/MenuRight' (0x114eb20) of type: BasicImage
07/03/2016 14:49:27 (Std) 	[ImageManager] Created image: 'TaharezLook/MenuTop' (0x114ed30) of type: BasicImage
07/03/2016 14:49:27 (Std) 	[ImageManager] Created image: 'TaharezLook/MenuBottom' (0x114ef40) of type: BasicImage
07/03/2016 14:49:27 (Std) 	[ImageManager] Created image: 'TaharezLook/MenuMiddle' (0x114f150) of type: BasicImage
07/03/2016 14:49:27 (Std) 	[ImageManager] Created image: 'TaharezLook/PopupMenuFrameTopLeft' (0x114f360) of type: BasicImage
07/03/2016 14:49:27 (Std) 	[ImageManager] Created image: 'TaharezLook/PopupMenuFrameTopRight' (0x114f570) of type: BasicImage
07/03/2016 14:49:27 (Std) 	[ImageManager] Created image: 'TaharezLook/PopupMenuFrameBottomLeft' (0x114f960) of type: BasicImage
07/03/2016 14:49:27 (Std) 	[ImageManager] Created image: 'TaharezLook/PopupMenuFrameBottomRight' (0x114fcb0) of type: BasicImage
07/03/2016 14:49:27 (Std) 	[ImageManager] Created image: 'TaharezLook/PopupMenuFrameLeft' (0x1150000) of type: BasicImage
07/03/2016 14:49:27 (Std) 	[ImageManager] Created image: 'TaharezLook/PopupMenuFrameRight' (0x1150210) of type: BasicImage
07/03/2016 14:49:27 (Std) 	[ImageManager] Created image: 'TaharezLook/PopupMenuFrameTop' (0x1150420) of type: BasicImage
07/03/2016 14:49:27 (Std) 	[ImageManager] Created image: 'TaharezLook/PopupMenuFrameBottom' (0x1150630) of type: BasicImage
07/03/2016 14:49:27 (Std) 	[ImageManager] Created image: 'TaharezLook/PopupMenuMiddle' (0x1150840) of type: BasicImage
07/03/2016 14:49:27 (Std) 	[ImageManager] Created image: 'TaharezLook/PopupMenuArrowRight' (0x1150a50) of type: BasicImage
07/03/2016 14:49:27 (Std) 	[ImageManager] Created image: 'TaharezLook/PopupMenuArrowLeft' (0x1150c60) of type: BasicImage
07/03/2016 14:49:27 (Std) 	[ImageManager] Created image: 'TaharezLook/TreeListClosed' (0x1150e70) of type: BasicImage
07/03/2016 14:49:27 (Std) 	[ImageManager] Created image: 'TaharezLook/TreeListOpened' (0x1151080) of type: BasicImage
07/03/2016 14:49:27 (Std) 	===== Falagard 'root' element: look and feel parsing begins =====
07/03/2016 14:49:27 (Std) 	===== Look and feel parsing completed =====
07/03/2016 14:49:27 (Std) 	No window renderer factories specified for module 'CEGUICoreWindowRendererSet' - adding all available factories...
07/03/2016 14:49:27 (Std) 	Created WindowRendererFactory for 'Core/Button' WindowRenderers.
07/03/2016 14:49:27 (Std) 	WindowRendererFactory 'Core/Button' added. (0x12f56f0)
07/03/2016 14:49:27 (Std) 	Created WindowRendererFactory for 'Core/Default' WindowRenderers.
07/03/2016 14:49:27 (Std) 	WindowRendererFactory 'Core/Default' added. (0x134a870)
07/03/2016 14:49:27 (Std) 	Created WindowRendererFactory for 'Core/Editbox' WindowRenderers.
07/03/2016 14:49:27 (Std) 	WindowRendererFactory 'Core/Editbox' added. (0x131e8b0)
07/03/2016 14:49:27 (Std) 	Created WindowRendererFactory for 'Core/FrameWindow' WindowRenderers.
07/03/2016 14:49:27 (Std) 	WindowRendererFactory 'Core/FrameWindow' added. (0x131ea50)
07/03/2016 14:49:27 (Std) 	Created WindowRendererFactory for 'Core/ItemEntry' WindowRenderers.
07/03/2016 14:49:27 (Std) 	WindowRendererFactory 'Core/ItemEntry' added. (0x130fdb0)
07/03/2016 14:49:27 (Std) 	Created WindowRendererFactory for 'Core/ListHeader' WindowRenderers.
07/03/2016 14:49:27 (Std) 	WindowRendererFactory 'Core/ListHeader' added. (0x130ff50)
07/03/2016 14:49:27 (Std) 	Created WindowRendererFactory for 'Core/ListHeaderSegment' WindowRenderers.
07/03/2016 14:49:27 (Std) 	WindowRendererFactory 'Core/ListHeaderSegment' added. (0x13100f0)
07/03/2016 14:49:27 (Std) 	Created WindowRendererFactory for 'Core/Listbox' WindowRenderers.
07/03/2016 14:49:27 (Std) 	WindowRendererFactory 'Core/Listbox' added. (0x12b81a0)
07/03/2016 14:49:27 (Std) 	Created WindowRendererFactory for 'Core/Menubar' WindowRenderers.
07/03/2016 14:49:27 (Std) 	WindowRendererFactory 'Core/Menubar' added. (0x12b8340)
07/03/2016 14:49:27 (Std) 	Created WindowRendererFactory for 'Core/MenuItem' WindowRenderers.
07/03/2016 14:49:27 (Std) 	WindowRendererFactory 'Core/MenuItem' added. (0x12b8400)
07/03/2016 14:49:27 (Std) 	Created WindowRendererFactory for 'Core/MultiColumnList' WindowRenderers.
07/03/2016 14:49:27 (Std) 	WindowRendererFactory 'Core/MultiColumnList' added. (0x1368530)
07/03/2016 14:49:27 (Std) 	Created WindowRendererFactory for 'Core/MultiLineEditbox' WindowRenderers.
07/03/2016 14:49:27 (Std) 	WindowRendererFactory 'Core/MultiLineEditbox' added. (0x13686d0)
07/03/2016 14:49:27 (Std) 	Created WindowRendererFactory for 'Core/PopupMenu' WindowRenderers.
07/03/2016 14:49:27 (Std) 	WindowRendererFactory 'Core/PopupMenu' added. (0x1096cb0)
07/03/2016 14:49:27 (Std) 	Created WindowRendererFactory for 'Core/ProgressBar' WindowRenderers.
07/03/2016 14:49:27 (Std) 	WindowRendererFactory 'Core/ProgressBar' added. (0x1096e50)
07/03/2016 14:49:27 (Std) 	Created WindowRendererFactory for 'Core/ScrollablePane' WindowRenderers.
07/03/2016 14:49:27 (Std) 	WindowRendererFactory 'Core/ScrollablePane' added. (0x1096ff0)
07/03/2016 14:49:27 (Std) 	Created WindowRendererFactory for 'Core/Scrollbar' WindowRenderers.
07/03/2016 14:49:27 (Std) 	WindowRendererFactory 'Core/Scrollbar' added. (0x1097190)
07/03/2016 14:49:27 (Std) 	Created WindowRendererFactory for 'Core/Slider' WindowRenderers.
07/03/2016 14:49:27 (Std) 	WindowRendererFactory 'Core/Slider' added. (0x1097330)
07/03/2016 14:49:27 (Std) 	Created WindowRendererFactory for 'Core/Static' WindowRenderers.
07/03/2016 14:49:27 (Std) 	WindowRendererFactory 'Core/Static' added. (0x135d370)
07/03/2016 14:49:27 (Std) 	Created WindowRendererFactory for 'Core/StaticImage' WindowRenderers.
07/03/2016 14:49:27 (Std) 	WindowRendererFactory 'Core/StaticImage' added. (0x135d510)
07/03/2016 14:49:27 (Std) 	Created WindowRendererFactory for 'Core/StaticText' WindowRenderers.
07/03/2016 14:49:27 (Std) 	WindowRendererFactory 'Core/StaticText' added. (0x135d6b0)
07/03/2016 14:49:27 (Std) 	Created WindowRendererFactory for 'Core/TabButton' WindowRenderers.
07/03/2016 14:49:27 (Std) 	WindowRendererFactory 'Core/TabButton' added. (0x135d850)
07/03/2016 14:49:27 (Std) 	Created WindowRendererFactory for 'Core/TabControl' WindowRenderers.
07/03/2016 14:49:27 (Std) 	WindowRendererFactory 'Core/TabControl' added. (0x1368c70)
07/03/2016 14:49:27 (Std) 	Created WindowRendererFactory for 'Core/Titlebar' WindowRenderers.
07/03/2016 14:49:27 (Std) 	WindowRendererFactory 'Core/Titlebar' added. (0x1368e10)
07/03/2016 14:49:27 (Std) 	Created WindowRendererFactory for 'Core/ToggleButton' WindowRenderers.
07/03/2016 14:49:27 (Std) 	WindowRendererFactory 'Core/ToggleButton' added. (0x1368fb0)
07/03/2016 14:49:27 (Std) 	Created WindowRendererFactory for 'Core/Tooltip' WindowRenderers.
07/03/2016 14:49:27 (Std) 	WindowRendererFactory 'Core/Tooltip' added. (0x1369150)
07/03/2016 14:49:27 (Std) 	Created WindowRendererFactory for 'Core/ItemListbox' WindowRenderers.
07/03/2016 14:49:27 (Std) 	WindowRendererFactory 'Core/ItemListbox' added. (0x13692f0)
07/03/2016 14:49:27 (Std) 	Created WindowRendererFactory for 'Core/Tree' WindowRenderers.
07/03/2016 14:49:27 (Std) 	WindowRendererFactory 'Core/Tree' added. (0x1369490)
07/03/2016 14:49:27 (Std) 	Creating falagard mapping for type 'TaharezLook/Label' using base type 'DefaultWindow', window renderer 'Core/Default' Look'N'Feel 'TaharezLook/Label' and RenderEffect ''. (0x7ffc4713ca30)
07/03/2016 14:49:27 (Std) 	Creating falagard mapping for type 'TaharezLook/Button' using base type 'CEGUI/PushButton', window renderer 'Core/Button' Look'N'Feel 'TaharezLook/Button' and RenderEffect ''. (0x7ffc4713ca30)
07/03/2016 14:49:27 (Std) 	Creating falagard mapping for type 'TaharezLook/Checkbox' using base type 'CEGUI/ToggleButton', window renderer 'Core/ToggleButton' Look'N'Feel 'TaharezLook/Checkbox' and RenderEffect ''. (0x7ffc4713ca30)
07/03/2016 14:49:27 (Std) 	Creating falagard mapping for type 'TaharezLook/ImageButton' using base type 'CEGUI/PushButton', window renderer 'Core/Button' Look'N'Feel 'TaharezLook/ImageButton' and RenderEffect ''. (0x7ffc4713ca30)
07/03/2016 14:49:27 (Std) 	Creating falagard mapping for type 'TaharezLook/RadioButton' using base type 'CEGUI/RadioButton', window renderer 'Core/ToggleButton' Look'N'Feel 'TaharezLook/RadioButton' and RenderEffect ''. (0x7ffc4713ca30)
07/03/2016 14:49:27 (Std) 	Creating falagard mapping for type 'TaharezLook/FrameWindow' using base type 'CEGUI/FrameWindow', window renderer 'Core/FrameWindow' Look'N'Feel 'TaharezLook/FrameWindow' and RenderEffect ''. (0x7ffc4713ca30)
07/03/2016 14:49:27 (Std) 	Creating falagard mapping for type 'TaharezLook/Titlebar' using base type 'CEGUI/Titlebar', window renderer 'Core/Titlebar' Look'N'Feel 'TaharezLook/Titlebar' and RenderEffect ''. (0x7ffc4713ca30)
07/03/2016 14:49:27 (Std) 	Creating falagard mapping for type 'TaharezLook/Editbox' using base type 'CEGUI/Editbox', window renderer 'Core/Editbox' Look'N'Feel 'TaharezLook/Editbox' and RenderEffect ''. (0x7ffc4713ca30)
07/03/2016 14:49:27 (Std) 	Creating falagard mapping for type 'TaharezLook/MultiLineEditbox' using base type 'CEGUI/MultiLineEditbox', window renderer 'Core/MultiLineEditbox' Look'N'Feel 'TaharezLook/MultiLineEditbox' and RenderEffect ''. (0x7ffc4713ca30)
07/03/2016 14:49:27 (Std) 	Creating falagard mapping for type 'TaharezLook/Menubar' using base type 'CEGUI/Menubar', window renderer 'Core/Menubar' Look'N'Feel 'TaharezLook/Menubar' and RenderEffect ''. (0x7ffc4713ca30)
07/03/2016 14:49:27 (Std) 	Creating falagard mapping for type 'TaharezLook/PopupMenu' using base type 'CEGUI/PopupMenu', window renderer 'Core/PopupMenu' Look'N'Feel 'TaharezLook/PopupMenu' and RenderEffect ''. (0x7ffc4713ca30)
07/03/2016 14:49:27 (Std) 	Creating falagard mapping for type 'TaharezLook/MenuItem' using base type 'CEGUI/MenuItem', window renderer 'Core/MenuItem' Look'N'Feel 'TaharezLook/MenuItem' and RenderEffect ''. (0x7ffc4713ca30)
07/03/2016 14:49:27 (Std) 	Creating falagard mapping for type 'TaharezLook/AlternateProgressBar' using base type 'CEGUI/ProgressBar', window renderer 'Core/ProgressBar' Look'N'Feel 'TaharezLook/AltProgressBar' and RenderEffect ''. (0x7ffc4713ca30)
07/03/2016 14:49:27 (Std) 	Creating falagard mapping for type 'TaharezLook/ProgressBar' using base type 'CEGUI/ProgressBar', window renderer 'Core/ProgressBar' Look'N'Feel 'TaharezLook/ProgressBar' and RenderEffect ''. (0x7ffc4713ca30)
07/03/2016 14:49:27 (Std) 	Creating falagard mapping for type 'TaharezLook/VUMeter' using base type 'CEGUI/ProgressBar', window renderer 'Core/ProgressBar' Look'N'Feel 'TaharezLook/VUMeter' and RenderEffect ''. (0x7ffc4713ca30)
07/03/2016 14:49:27 (Std) 	Creating falagard mapping for type 'TaharezLook/VerticalScrollbar' using base type 'CEGUI/Scrollbar', window renderer 'Core/Scrollbar' Look'N'Feel 'TaharezLook/VerticalScrollbar' and RenderEffect ''. (0x7ffc4713ca30)
07/03/2016 14:49:27 (Std) 	Creating falagard mapping for type 'TaharezLook/HorizontalScrollbar' using base type 'CEGUI/Scrollbar', window renderer 'Core/Scrollbar' Look'N'Feel 'TaharezLook/HorizontalScrollbar' and RenderEffect ''. (0x7ffc4713ca30)
07/03/2016 14:49:27 (Std) 	Creating falagard mapping for type 'TaharezLook/VerticalScrollbarThumb' using base type 'CEGUI/Thumb', window renderer 'Core/Button' Look'N'Feel 'TaharezLook/VerticalScrollbarThumb' and RenderEffect ''. (0x7ffc4713ca30)
07/03/2016 14:49:27 (Std) 	Creating falagard mapping for type 'TaharezLook/HorizontalScrollbarThumb' using base type 'CEGUI/Thumb', window renderer 'Core/Button' Look'N'Feel 'TaharezLook/HorizontalScrollbarThumb' and RenderEffect ''. (0x7ffc4713ca30)
07/03/2016 14:49:27 (Std) 	Creating falagard mapping for type 'TaharezLook/LargeVerticalScrollbar' using base type 'CEGUI/Scrollbar', window renderer 'Core/Scrollbar' Look'N'Feel 'TaharezLook/LargeVerticalScrollbar' and RenderEffect ''. (0x7ffc4713ca30)
07/03/2016 14:49:27 (Std) 	Creating falagard mapping for type 'TaharezLook/LargeVerticalScrollbarThumb' using base type 'CEGUI/Thumb', window renderer 'Core/Button' Look'N'Feel 'TaharezLook/LargeVerticalScrollbarThumb' and RenderEffect ''. (0x7ffc4713ca30)
07/03/2016 14:49:27 (Std) 	Creating falagard mapping for type 'TaharezLook/TabButton' using base type 'CEGUI/TabButton', window renderer 'Core/TabButton' Look'N'Feel 'TaharezLook/TabButton' and RenderEffect ''. (0x7ffc4713ca30)
07/03/2016 14:49:27 (Std) 	Creating falagard mapping for type 'TaharezLook/TabControl' using base type 'CEGUI/TabControl', window renderer 'Core/TabControl' Look'N'Feel 'TaharezLook/TabControl' and RenderEffect ''. (0x7ffc4713ca30)
07/03/2016 14:49:27 (Std) 	Creating falagard mapping for type 'TaharezLook/TabContentPane' using base type 'DefaultWindow', window renderer 'Core/Default' Look'N'Feel 'TaharezLook/TabContentPane' and RenderEffect ''. (0x7ffc4713ca30)
07/03/2016 14:49:27 (Std) 	Creating falagard mapping for type 'TaharezLook/TabButtonPane' using base type 'DefaultWindow', window renderer 'Core/Default' Look'N'Feel 'TaharezLook/TabButtonPane' and RenderEffect ''. (0x7ffc4713ca30)
07/03/2016 14:49:27 (Std) 	Creating falagard mapping for type 'TaharezLook/ComboDropList' using base type 'CEGUI/ComboDropList', window renderer 'Core/Listbox' Look'N'Feel 'TaharezLook/ComboDropList' and RenderEffect ''. (0x7ffc4713ca30)
07/03/2016 14:49:27 (Std) 	Creating falagard mapping for type 'TaharezLook/ComboEditbox' using base type 'CEGUI/Editbox', window renderer 'Core/Editbox' Look'N'Feel 'TaharezLook/ComboEditbox' and RenderEffect ''. (0x7ffc4713ca30)
07/03/2016 14:49:27 (Std) 	Creating falagard mapping for type 'TaharezLook/Combobox' using base type 'CEGUI/Combobox', window renderer 'Core/Default' Look'N'Feel 'TaharezLook/Combobox' and RenderEffect ''. (0x7ffc4713ca30)
07/03/2016 14:49:27 (Std) 	Creating falagard mapping for type 'TaharezLook/Listbox' using base type 'CEGUI/Listbox', window renderer 'Core/Listbox' Look'N'Feel 'TaharezLook/Listbox' and RenderEffect ''. (0x7ffc4713ca30)
07/03/2016 14:49:27 (Std) 	Creating falagard mapping for type 'TaharezLook/ListHeader' using base type 'CEGUI/ListHeader', window renderer 'Core/ListHeader' Look'N'Feel 'TaharezLook/ListHeader' and RenderEffect ''. (0x7ffc4713ca30)
07/03/2016 14:49:27 (Std) 	Creating falagard mapping for type 'TaharezLook/ListHeaderSegment' using base type 'CEGUI/ListHeaderSegment', window renderer 'Core/ListHeaderSegment' Look'N'Feel 'TaharezLook/ListHeaderSegment' and RenderEffect ''. (0x7ffc4713ca30)
07/03/2016 14:49:27 (Std) 	Creating falagard mapping for type 'TaharezLook/MultiColumnList' using base type 'CEGUI/MultiColumnList', window renderer 'Core/MultiColumnList' Look'N'Feel 'TaharezLook/MultiColumnList' and RenderEffect ''. (0x7ffc4713ca30)
07/03/2016 14:49:27 (Std) 	Creating falagard mapping for type 'TaharezLook/Slider' using base type 'CEGUI/Slider', window renderer 'Core/Slider' Look'N'Feel 'TaharezLook/Slider' and RenderEffect ''. (0x7ffc4713ca30)
07/03/2016 14:49:27 (Std) 	Creating falagard mapping for type 'TaharezLook/SliderThumb' using base type 'CEGUI/Thumb', window renderer 'Core/Button' Look'N'Feel 'TaharezLook/SliderThumb' and RenderEffect ''. (0x7ffc4713ca30)
07/03/2016 14:49:27 (Std) 	Creating falagard mapping for type 'TaharezLook/ScrollablePane' using base type 'CEGUI/ScrollablePane', window renderer 'Core/ScrollablePane' Look'N'Feel 'TaharezLook/ScrollablePane' and RenderEffect ''. (0x7ffc4713ca30)
07/03/2016 14:49:27 (Std) 	Creating falagard mapping for type 'TaharezLook/Spinner' using base type 'CEGUI/Spinner', window renderer 'Core/Default' Look'N'Feel 'TaharezLook/Spinner' and RenderEffect ''. (0x7ffc4713ca30)
07/03/2016 14:49:27 (Std) 	Creating falagard mapping for type 'TaharezLook/Tooltip' using base type 'CEGUI/Tooltip', window renderer 'Core/Tooltip' Look'N'Feel 'TaharezLook/Tooltip' and RenderEffect ''. (0x7ffc4713ca30)
07/03/2016 14:49:27 (Std) 	Creating falagard mapping for type 'TaharezLook/StaticImage' using base type 'DefaultWindow', window renderer 'Core/StaticImage' Look'N'Feel 'TaharezLook/StaticImage' and RenderEffect ''. (0x7ffc4713ca30)
07/03/2016 14:49:27 (Std) 	Creating falagard mapping for type 'TaharezLook/StaticText' using base type 'DefaultWindow', window renderer 'Core/StaticText' Look'N'Feel 'TaharezLook/StaticText' and RenderEffect ''. (0x7ffc4713ca30)
07/03/2016 14:49:27 (Std) 	Creating falagard mapping for type 'TaharezLook/ItemListbox' using base type 'CEGUI/ItemListbox', window renderer 'Core/ItemListbox' Look'N'Feel 'TaharezLook/ItemListbox' and RenderEffect ''. (0x7ffc4713ca30)
07/03/2016 14:49:27 (Std) 	Creating falagard mapping for type 'TaharezLook/ListboxItem' using base type 'CEGUI/ItemEntry', window renderer 'Core/ItemEntry' Look'N'Feel 'TaharezLook/ListboxItem' and RenderEffect ''. (0x7ffc4713ca30)
07/03/2016 14:49:27 (Std) 	Creating falagard mapping for type 'TaharezLook/GroupBox' using base type 'DefaultWindow', window renderer 'Core/Default' Look'N'Feel 'TaharezLook/GroupBox' and RenderEffect ''. (0x7ffc4713ca30)
07/03/2016 14:49:27 (Std) 	Creating falagard mapping for type 'TaharezLook/Tree' using base type 'CEGUI/Tree', window renderer 'Core/Tree' Look'N'Feel 'TaharezLook/Tree' and RenderEffect ''. (0x7ffc4713ca30)
07/03/2016 14:49:27 (Std) 	---- Returning existing instance of Font named 'DejaVuSans-12'.
07/03/2016 14:49:27 (Std) 	[OgreRenderer] Created texture: DejaVuSans-12_auto_glyph_images_32
